[INFO] : 2022-07-16 12:20:03,900 : root : We are initializing the child company class
[INFO] : 2022-07-16 12:20:03,900 : root : info describe about the child class
[INFO] : 2022-07-16 12:20:21,759 : root : We are initializing the child company class
[INFO] : 2022-07-16 12:20:21,759 : root : info describe about the child class
[INFO] : 2022-07-16 12:20:21,759 : root : info method from company class
[INFO] : 2022-07-16 12:35:06,182 : root : We are initializing the child company class
[INFO] : 2022-07-16 12:35:06,182 : root : info describe about the child class
[INFO] : 2022-07-16 12:35:06,182 : root : info method from company class
[INFO] : 2022-07-16 12:35:06,182 : root : we are initializing the job class
[INFO] : 2022-07-16 12:35:44,964 : root : We are initializing the child company class
[INFO] : 2022-07-16 12:35:44,964 : root : info describe about the child class
[INFO] : 2022-07-16 12:35:44,964 : root : info method from company class
[INFO] : 2022-07-16 12:35:44,964 : root : we are initializing the job class
[INFO] : 2022-07-16 12:35:44,964 : root : We are initializing the child company class
[INFO] : 2022-07-16 12:35:44,964 : root : we are initializing the job class
[INFO] : 2022-07-16 12:35:44,964 : root : We are initializing the child company class
[INFO] : 2022-07-16 12:35:44,964 : root : info describe about the child class
[INFO] : 2022-07-16 12:35:44,964 : root : info method from company class
[INFO] : 2022-07-16 12:35:44,964 : root : logging info describe about the company info
[INFO] : 2022-07-16 12:35:44,964 : root : logging info describe about the company info
[INFO] : 2022-07-16 13:19:30,312 : root : We are initializing the child company class
[INFO] : 2022-07-16 13:19:30,312 : root : info describe about the child class
[INFO] : 2022-07-16 13:19:30,312 : root : info method from company class
[INFO] : 2022-07-16 13:19:30,312 : root : we are initializing the job class
[INFO] : 2022-07-16 13:19:30,312 : root : We are initializing the child company class
[INFO] : 2022-07-16 13:19:30,312 : root : we are initializing the job class
[INFO] : 2022-07-16 13:19:30,312 : root : We are initializing the child company class
[INFO] : 2022-07-16 13:19:30,312 : root : info describe about the child class
[INFO] : 2022-07-16 13:19:30,312 : root : info method from company class
[INFO] : 2022-07-16 13:19:30,312 : root : logging info describe about the company info
[INFO] : 2022-07-16 13:19:30,312 : root : logging info describe about the company info
[INFO] : 2022-07-16 13:21:01,368 : root : We are initializing the child company class
[INFO] : 2022-07-16 13:21:01,368 : root : info describe about the child class
[INFO] : 2022-07-16 13:21:01,368 : root : info method from company class
[INFO] : 2022-07-16 13:21:01,368 : root : we are initializing the job class
[INFO] : 2022-07-16 13:21:01,383 : root : We are initializing the child company class
[INFO] : 2022-07-16 13:21:01,383 : root : we are initializing the job class
[INFO] : 2022-07-16 13:21:01,383 : root : We are initializing the child company class
[INFO] : 2022-07-16 13:21:01,383 : root : info describe about the child class
[INFO] : 2022-07-16 13:21:01,383 : root : info method from company class
[INFO] : 2022-07-16 13:21:01,383 : root : logging info describe about the company info
[INFO] : 2022-07-16 13:21:01,383 : root : logging info describe about the company info
[INFO] : 2022-07-16 13:21:05,305 : root : We are initializing the child company class
[INFO] : 2022-07-16 13:21:05,305 : root : info describe about the child class
[INFO] : 2022-07-16 13:21:05,305 : root : info method from company class
[INFO] : 2022-07-16 13:21:05,321 : root : we are initializing the job class
[INFO] : 2022-07-16 13:21:05,321 : root : We are initializing the child company class
[INFO] : 2022-07-16 13:21:05,321 : root : we are initializing the job class
[INFO] : 2022-07-16 13:21:05,321 : root : We are initializing the child company class
[INFO] : 2022-07-16 13:21:05,321 : root : info describe about the child class
[INFO] : 2022-07-16 13:21:05,321 : root : info method from company class
[INFO] : 2022-07-16 13:21:05,321 : root : logging info describe about the company info
[INFO] : 2022-07-16 13:21:05,321 : root : logging info describe about the company info
[INFO] : 2022-07-16 13:21:59,021 : root : We are initializing the child company class
[INFO] : 2022-07-16 13:21:59,021 : root : info describe about the child class
[INFO] : 2022-07-16 13:21:59,021 : root : info method from company class
[INFO] : 2022-07-16 13:21:59,021 : root : we are initializing the job class
[INFO] : 2022-07-16 13:21:59,021 : root : We are initializing the child company class
[INFO] : 2022-07-16 13:21:59,021 : root : we are initializing the job class
[INFO] : 2022-07-16 13:21:59,021 : root : We are initializing the child company class
[INFO] : 2022-07-16 13:21:59,021 : root : info describe about the child class
[INFO] : 2022-07-16 13:21:59,021 : root : info method from company class
[INFO] : 2022-07-16 13:21:59,021 : root : logging info describe about the company info
[INFO] : 2022-07-16 13:21:59,021 : root : logging info describe about the company info
[INFO] : 2022-07-16 13:28:20,928 : root : We are initializing the child company class
[INFO] : 2022-07-16 13:28:20,928 : root : info describe about the child class
[INFO] : 2022-07-16 13:28:20,928 : root : info method from company class
[INFO] : 2022-07-16 13:28:20,928 : root : we are initializing the job class
[INFO] : 2022-07-16 13:28:20,928 : root : We are initializing the child company class
[INFO] : 2022-07-16 13:28:20,928 : root : we are initializing the job class
[INFO] : 2022-07-16 13:28:20,928 : root : We are initializing the child company class
[INFO] : 2022-07-16 13:28:20,928 : root : info describe about the child class
[INFO] : 2022-07-16 13:28:20,928 : root : info method from company class
[INFO] : 2022-07-16 13:28:20,928 : root : logging info describe about the company info
[INFO] : 2022-07-16 13:28:20,928 : root : logging info describe about the company info
[INFO] : 2022-07-16 13:28:20,928 : root : logging info describe about the person info
[INFO] : 2022-07-16 13:28:20,928 : root : logging info describe about the name
[INFO] : 2022-07-16 13:28:20,928 : root : logging info describe about the Employee
[INFO] : 2022-07-16 13:28:20,928 : root : logging info describe about the person info
[INFO] : 2022-07-16 13:28:20,928 : root : logging info describe about the name
[INFO] : 2022-07-16 13:28:20,928 : root : logging info describe about the Employee
[INFO] : 2022-07-16 13:28:20,928 : root : logging info describe about the person info
[INFO] : 2022-07-16 13:28:20,928 : root : logging info describe about the Employee
[INFO] : 2022-07-16 13:28:20,928 : root : logging info describe about the CEO
[INFO] : 2022-07-16 13:28:20,928 : root : logging info describe about the name
[INFO] : 2022-07-16 13:28:20,928 : root : logging info describe about the Polygon class
[INFO] : 2022-07-16 13:28:20,928 : root : logging info describe about finding the Area
